# JRE version: OpenJDK Runtime Environment (8.0_152-b01) (build 1.8.0_152-release-915-b01)
# Java VM: OpenJDK 64-Bit Server VM (25.152-b01 mixed mode linux-amd64 compressed oops)
Heap:
 PSYoungGen      total 326656K, used 254404K [0x00000000e0000000, 0x00000000f8a00000, 0x0000000100000000)
  eden space 307200K, 76% used [0x00000000e0000000,0x00000000ee5b1558,0x00000000f2c00000)
  from space 19456K, 98% used [0x00000000f3900000,0x00000000f4bbfde0,0x00000000f4c00000)
  to   space 48128K, 0% used [0x00000000f5b00000,0x00000000f5b00000,0x00000000f8a00000)
 ParOldGen       total 173056K, used 150154K [0x00000000a0000000, 0x00000000aa900000, 0x00000000e0000000)
  object space 173056K, 86% used [0x00000000a0000000,0x00000000a92a2b50,0x00000000aa900000)
 Metaspace       used 95269K, capacity 107036K, committed 107224K, reserved 1140736K
  class space    used 12051K, capacity 14998K, committed 15104K, reserved 1048576K
GC Heap History (10 events):
Event: 24096.647 GC heap before
{Heap before GC invocations=100 (full 7):
 PSYoungGen      total 278528K, used 278510K [0x00000000e0000000, 0x00000000f8c00000, 0x0000000100000000)
  eden space 238080K, 100% used [0x00000000e0000000,0x00000000ee880000,0x00000000ee880000)
  from space 40448K, 99% used [0x00000000f1e80000,0x00000000f45fb9b8,0x00000000f4600000)
  to   space 55296K, 0% used [0x00000000ee880000,0x00000000ee880000,0x00000000f1e80000)
 ParOldGen       total 173056K, used 128638K [0x00000000a0000000, 0x00000000aa900000, 0x00000000e0000000)
  object space 173056K, 74% used [0x00000000a0000000,0x00000000a7d9f9f8,0x00000000aa900000)
 Metaspace       used 94699K, capacity 106016K, committed 106200K, reserved 1140736K
  class space    used 11955K, capacity 14764K, committed 14848K, reserved 1048576K
Event: 24096.673 GC heap after
Heap after GC invocations=100 (full 7):
 PSYoungGen      total 293376K, used 8752K [0x00000000e0000000, 0x00000000f7800000, 0x0000000100000000)
  eden space 238080K, 0% used [0x00000000e0000000,0x00000000e0000000,0x00000000ee880000)
  from space 55296K, 15% used [0x00000000ee880000,0x00000000ef10c018,0x00000000f1e80000)
  to   space 53248K, 0% used [0x00000000f4400000,0x00000000f4400000,0x00000000f7800000)
 ParOldGen       total 173056K, used 137865K [0x00000000a0000000, 0x00000000aa900000, 0x00000000e0000000)
  object space 173056K, 79% used [0x00000000a0000000,0x00000000a86a26f8,0x00000000aa900000)
 Metaspace       used 94699K, capacity 106016K, committed 106200K, reserved 1140736K
  class space    used 11955K, capacity 14764K, committed 14848K, reserved 1048576K
}
Event: 24097.251 GC heap before
{Heap before GC invocations=101 (full 7):
 PSYoungGen      total 293376K, used 246765K [0x00000000e0000000, 0x00000000f7800000, 0x0000000100000000)
  eden space 238080K, 99% used [0x00000000e0000000,0x00000000ee86f630,0x00000000ee880000)
  from space 55296K, 15% used [0x00000000ee880000,0x00000000ef10c018,0x00000000f1e80000)
  to   space 53248K, 0% used [0x00000000f4400000,0x00000000f4400000,0x00000000f7800000)
 ParOldGen       total 173056K, used 137865K [0x00000000a0000000, 0x00000000aa900000, 0x00000000e0000000)
  object space 173056K, 79% used [0x00000000a0000000,0x00000000a86a26f8,0x00000000aa900000)
 Metaspace       used 94717K, capacity 106022K, committed 106200K, reserved 1140736K
  class space    used 11955K, capacity 14765K, committed 14848K, reserved 1048576K
Event: 24097.260 GC heap after
Heap after GC invocations=101 (full 7):
 PSYoungGen      total 328704K, used 5000K [0x00000000e0000000, 0x00000000f7500000, 0x0000000100000000)
  eden space 278528K, 0% used [0x00000000e0000000,0x00000000e0000000,0x00000000f1000000)
  from space 50176K, 9% used [0x00000000f4400000,0x00000000f48e22e0,0x00000000f7500000)
  to   space 51712K, 0% used [0x00000000f1000000,0x00000000f1000000,0x00000000f4280000)
 ParOldGen       total 173056K, used 146255K [0x00000000a0000000, 0x00000000aa900000, 0x00000000e0000000)
  object space 173056K, 84% used [0x00000000a0000000,0x00000000a8ed3cc0,0x00000000aa900000)
 Metaspace       used 94717K, capacity 106022K, committed 106200K, reserved 1140736K
  class space    used 11955K, capacity 14765K, committed 14848K, reserved 1048576K
}
Event: 27281.945 GC heap before
{Heap before GC invocations=102 (full 7):
 PSYoungGen      total 328704K, used 283528K [0x00000000e0000000, 0x00000000f7500000, 0x0000000100000000)
  eden space 278528K, 100% used [0x00000000e0000000,0x00000000f1000000,0x00000000f1000000)
  from space 50176K, 9% used [0x00000000f4400000,0x00000000f48e22e0,0x00000000f7500000)
  to   space 51712K, 0% used [0x00000000f1000000,0x00000000f1000000,0x00000000f4280000)
 ParOldGen       total 173056K, used 146255K [0x00000000a0000000, 0x00000000aa900000, 0x00000000e0000000)
  object space 173056K, 84% used [0x00000000a0000000,0x00000000a8ed3cc0,0x00000000aa900000)
 Metaspace       used 94809K, capacity 106312K, committed 106456K, reserved 1140736K
  class space    used 11971K, capacity 14812K, committed 14848K, reserved 1048576K
Event: 27282.341 GC heap after
Heap after GC invocations=102 (full 7):
 PSYoungGen      total 330240K, used 992K [0x00000000e0000000, 0x00000000fa000000, 0x0000000100000000)
  eden space 278528K, 0% used [0x00000000e0000000,0x00000000e0000000,0x00000000f1000000)
  from space 51712K, 1% used [0x00000000f1000000,0x00000000f10f8010,0x00000000f4280000)
  to   space 51200K, 0% used [0x00000000f6e00000,0x00000000f6e00000,0x00000000fa000000)
 ParOldGen       total 173056K, used 146303K [0x00000000a0000000, 0x00000000aa900000, 0x00000000e0000000)
  object space 173056K, 84% used [0x00000000a0000000,0x00000000a8edfcc0,0x00000000aa900000)
 Metaspace       used 94809K, capacity 106312K, committed 106456K, reserved 1140736K
  class space    used 11971K, capacity 14812K, committed 14848K, reserved 1048576K
}
Event: 34491.627 GC heap before
{Heap before GC invocations=103 (full 7):
 PSYoungGen      total 330240K, used 279520K [0x00000000e0000000, 0x00000000fa000000, 0x0000000100000000)
  eden space 278528K, 100% used [0x00000000e0000000,0x00000000f1000000,0x00000000f1000000)
  from space 51712K, 1% used [0x00000000f1000000,0x00000000f10f8010,0x00000000f4280000)
  to   space 51200K, 0% used [0x00000000f6e00000,0x00000000f6e00000,0x00000000fa000000)
 ParOldGen       total 173056K, used 146303K [0x00000000a0000000, 0x00000000aa900000, 0x00000000e0000000)
  object space 173056K, 84% used [0x00000000a0000000,0x00000000a8edfcc0,0x00000000aa900000)
 Metaspace       used 94998K, capacity 106670K, committed 106840K, reserved 1140736K
  class space    used 12009K, capacity 14901K, committed 14976K, reserved 1048576K
Event: 34491.674 GC heap after
Heap after GC invocations=103 (full 7):
 PSYoungGen      total 366592K, used 22100K [0x00000000e0000000, 0x00000000f9b00000, 0x0000000100000000)
  eden space 320512K, 0% used [0x00000000e0000000,0x00000000e0000000,0x00000000f3900000)
  from space 46080K, 47% used [0x00000000f6e00000,0x00000000f8395010,0x00000000f9b00000)
  to   space 50176K, 0% used [0x00000000f3900000,0x00000000f3900000,0x00000000f6a00000)
 ParOldGen       total 173056K, used 146875K [0x00000000a0000000, 0x00000000aa900000, 0x00000000e0000000)
  object space 173056K, 84% used [0x00000000a0000000,0x00000000a8f6ef30,0x00000000aa900000)
 Metaspace       used 94998K, capacity 106670K, committed 106840K, reserved 1140736K
  class space    used 12009K, capacity 14901K, committed 14976K, reserved 1048576K
}
Event: 34928.028 GC heap before
{Heap before GC invocations=104 (full 7):
 PSYoungGen      total 366592K, used 342612K [0x00000000e0000000, 0x00000000f9b00000, 0x0000000100000000)
  eden space 320512K, 100% used [0x00000000e0000000,0x00000000f3900000,0x00000000f3900000)
  from space 46080K, 47% used [0x00000000f6e00000,0x00000000f8395010,0x00000000f9b00000)
  to   space 50176K, 0% used [0x00000000f3900000,0x00000000f3900000,0x00000000f6a00000)
 ParOldGen       total 173056K, used 146875K [0x00000000a0000000, 0x00000000aa900000, 0x00000000e0000000)
  object space 173056K, 84% used [0x00000000a0000000,0x00000000a8f6ef30,0x00000000aa900000)
 Metaspace       used 95160K, capacity 106940K, committed 107096K, reserved 1140736K
  class space    used 12034K, capacity 14966K, committed 14976K, reserved 1048576K
Event: 34928.065 GC heap after
Heap after GC invocations=104 (full 7):
 PSYoungGen      total 326656K, used 19199K [0x00000000e0000000, 0x00000000f8a00000, 0x0000000100000000)
  eden space 307200K, 0% used [0x00000000e0000000,0x00000000e0000000,0x00000000f2c00000)
  from space 19456K, 98% used [0x00000000f3900000,0x00000000f4bbfde0,0x00000000f4c00000)
  to   space 48128K, 0% used [0x00000000f5b00000,0x00000000f5b00000,0x00000000f8a00000)
 ParOldGen       total 173056K, used 150154K [0x00000000a0000000, 0x00000000aa900000, 0x00000000e0000000)
  object space 173056K, 86% used [0x00000000a0000000,0x00000000a92a2b50,0x00000000aa900000)
 Metaspace       used 95160K, capacity 106940K, committed 107096K, reserved 1140736K
  class space    used 12034K, capacity 14966K, committed 14976K, reserved 1048576K
}

